GET /
GET /favicon.ico
GET /
GET /
GET /favicon.ico
GET /
GET /
GET /
GET /
GET /favicon.ico
GET /
GET /favicon.ico
GET /
GET /favicon.ico
GET /
GET /
GET /
GET /
GET /
GET /
GET /favicon.ico
GET /
GET /
GET /
GET /
GET /
GET /inventorylist.hbs
GET /
GET /inventory
GET /inventory
GET /inventory
GET /inventory
GET /inventory
GET /inventory
GET /inventory
GET /inventory
GET /inventory
GET /
GET /inventory
GET /
GET /inventory
GET /
GET /inventory
GET /
GET /members
GET /
GET /issue
GET /members
GET /
GET /members
GET /
GET /issue
GET /issue
GET /
GET /inventory
GET /
GET /issue
GET /issue
GET /
GET /members
GET /
GET /issue
GET /
GET /inventory
GET /
GET /inventory
GET /
GET /members
GET /
GET /
GET /
GET /
GET /
GET /inventory
GET /
GET /members
GET /
GET /issue
GET /
GET /
